0 verbose cli [
0 verbose cli   '/home/yessiejamez/.nvm/versions/node/v16.13.1/bin/node',
0 verbose cli   '/home/yessiejamez/.nvm/versions/node/v16.13.1/bin/npm',
0 verbose cli   'test'
0 verbose cli ]
1 info using npm@8.1.2
2 info using node@v16.13.1
3 timing npm:load:whichnode Completed in 0ms
4 timing config:load:defaults Completed in 1ms
5 timing config:load:file:/home/yessiejamez/.nvm/versions/node/v16.13.1/lib/node_modules/npm/npmrc Completed in 2ms
6 timing config:load:builtin Completed in 2ms
7 timing config:load:cli Completed in 1ms
8 timing config:load:env Completed in 1ms
9 timing config:load:project Completed in 0ms
10 timing config:load:file:/home/yessiejamez/.npmrc Completed in 0ms
11 timing config:load:user Completed in 1ms
12 timing config:load:file:/home/yessiejamez/.nvm/versions/node/v16.13.1/etc/npmrc Completed in 0ms
13 timing config:load:global Completed in 0ms
14 timing config:load:validate Completed in 0ms
15 timing config:load:credentials Completed in 1ms
16 timing config:load:setEnvs Completed in 0ms
17 timing config:load Completed in 7ms
18 timing npm:load:configload Completed in 7ms
19 timing npm:load:setTitle Completed in 1ms
20 timing npm:load:setupLog Completed in 0ms
21 timing config:load:flatten Completed in 2ms
22 timing npm:load:cleanupLog Completed in 1ms
23 timing npm:load:configScope Completed in 0ms
24 timing npm:load:projectScope Completed in 0ms
25 timing npm:load Completed in 12ms
26 timing command:run-script Completed in 1ms
27 timing command:test Completed in 2ms
28 verbose stack Error: ENOENT: no such file or directory, open '/home/yessiejamez/package.json'
29 verbose cwd /home/yessiejamez
30 verbose Linux 5.10.60.1-microsoft-standard-WSL2
31 verbose argv "/home/yessiejamez/.nvm/versions/node/v16.13.1/bin/node" "/home/yessiejamez/.nvm/versions/node/v16.13.1/bin/npm" "test"
32 verbose node v16.13.1
33 verbose npm  v8.1.2
34 error code ENOENT
35 error syscall open
36 error path /home/yessiejamez/package.json
37 error errno -2
38 error enoent ENOENT: no such file or directory, open '/home/yessiejamez/package.json'
39 error enoent This is related to npm not being able to find a file.
40 verbose exit -2
